<?xml version="1.0" encoding="UTF-8"?>
<!-- Generated by org.testng.reporters.JUnitReportReporter -->
<testsuite skipped="0" hostname="AR-NB-599" name="automationcraft.delivery.runners.google.GRunner" tests="2" failures="0" timestamp="12 ene 2022 05:31:02 GMT" time="14.209" errors="0">
  <testcase name="runScenario" time="5.892" classname="automationcraft.delivery.runners.google.GRunner"/>
  <testcase name="runScenario" time="8.317" classname="automationcraft.delivery.runners.google.GRunner"/>
</testsuite> <!-- automationcraft.delivery.runners.google.GRunner -->
